<?xml version="1.0" encoding="UTF-8"?>
<!-- Generated by org.testng.reporters.JUnitXMLReporter -->
<testsuite ignored="0" hostname="AQEEEL" failures="0" tests="4" name="HRMS" time="19.581" errors="0" timestamp="2023-12-23T19:36:09 IST">
  <testcase classname="com.hrms.testscript.TC001" name="LoginLogout" time="4.167"/>
  <testcase classname="com.hrms.testscript.TC002" name="AddEmployee" time="4.828"/>
  <testcase classname="com.hrms.testscript.TC003" name="EditEmp" time="5.721"/>
  <testcase classname="com.hrms.testscript.TC004" name="DeleteEmp" time="4.83"/>
</testsuite> <!-- HRMS -->
