<?xml version="1.0" encoding="UTF-8"?>
<!-- Generated by org.testng.reporters.JUnitXMLReporter -->
<testsuite ignored="0" hostname="AQEEEL" failures="0" tests="4" name="Test" time="22.488" errors="0" timestamp="2023-12-25T17:34:49 IST">
  <testcase classname="com.hrms.testscript.TC001" name="LoginLogout" time="6.335"/>
  <testcase classname="com.hrms.testscript.TC002" name="AddEmployee" time="5.377"/>
  <testcase classname="com.hrms.testscript.TC003" name="EditEmp" time="5.538"/>
  <testcase classname="com.hrms.testscript.TC004" name="DeleteEmp" time="5.201"/>
</testsuite> <!-- Test -->
